<?xml version="1.0" encoding="UTF-8"?>
<testng-results ignored="0" total="5" passed="5" failed="0" skipped="0">
  <reporter-output>
  </reporter-output>
  <suite started-at="2019-03-26T19:49:22Z" name="Default suite" finished-at="2019-03-26T19:51:02Z" duration-ms="99186">
    <groups>
    </groups>
    <test started-at="2019-03-26T19:49:22Z" name="Default test" finished-at="2019-03-26T19:51:02Z" duration-ms="99186">
      <class name="com.my.tests.HomePageTest">
        <test-method is-config="true" signature="beforeEachTestStart()[pri:0, instance:com.my.tests.HomePageTest@34a97744]" started-at="2019-03-26T19:49:22Z" name="beforeEachTestStart" finished-at="2019-03-26T19:49:23Z" duration-ms="170" status="PASS">
          <reporter-output>
          </reporter-output>
        </test-method> <!-- beforeEachTestStart -->
        <test-method is-config="true" signature="beforeEachMethodStart()[pri:0, instance:com.my.tests.HomePageTest@34a97744]" started-at="2019-03-26T19:49:23Z" name="beforeEachMethodStart" finished-at="2019-03-26T19:49:23Z" duration-ms="1" status="PASS">
          <reporter-output>
          </reporter-output>
        </test-method> <!-- beforeEachMethodStart -->
        <test-method signature="homepageTest()[pri:1, instance:com.my.tests.HomePageTest@34a97744]" started-at="2019-03-26T19:49:23Z" name="homepageTest" finished-at="2019-03-26T19:49:28Z" duration-ms="5094" status="PASS">
          <reporter-output>
          </reporter-output>
        </test-method> <!-- homepageTest -->
        <test-method is-config="true" signature="screenShot(org.testng.ITestResult)[pri:0, instance:com.my.tests.HomePageTest@34a97744]" started-at="2019-03-26T19:49:28Z" name="screenShot" finished-at="2019-03-26T19:49:28Z" duration-ms="601" status="PASS">
          <params>
            <param index="0">
              <value>
                <![CDATA[[TestResult name=homepageTest status=SUCCESS method=HomePageTest.homepageTest()[pri:1, instance:com.my.tests.HomePageTest@34a97744] output={null}]]]>
              </value>
            </param>
          </params>
          <reporter-output>
          </reporter-output>
        </test-method> <!-- screenShot -->
        <test-method is-config="true" signature="beforeEachMethodStart()[pri:0, instance:com.my.tests.HomePageTest@34a97744]" started-at="2019-03-26T19:49:28Z" name="beforeEachMethodStart" finished-at="2019-03-26T19:49:28Z" duration-ms="0" status="PASS">
          <reporter-output>
          </reporter-output>
        </test-method> <!-- beforeEachMethodStart -->
        <test-method signature="registerTest()[pri:2, instance:com.my.tests.HomePageTest@34a97744]" started-at="2019-03-26T19:49:28Z" name="registerTest" finished-at="2019-03-26T19:49:52Z" duration-ms="23697" status="PASS">
          <reporter-output>
          </reporter-output>
        </test-method> <!-- registerTest -->
        <test-method is-config="true" signature="screenShot(org.testng.ITestResult)[pri:0, instance:com.my.tests.HomePageTest@34a97744]" started-at="2019-03-26T19:49:52Z" name="screenShot" finished-at="2019-03-26T19:49:53Z" duration-ms="889" status="PASS">
          <params>
            <param index="0">
              <value>
                <![CDATA[[TestResult name=registerTest status=SUCCESS method=HomePageTest.registerTest()[pri:2, instance:com.my.tests.HomePageTest@34a97744] output={null}]]]>
              </value>
            </param>
          </params>
          <reporter-output>
          </reporter-output>
        </test-method> <!-- screenShot -->
        <test-method is-config="true" signature="beforeEachMethodStart()[pri:0, instance:com.my.tests.HomePageTest@34a97744]" started-at="2019-03-26T19:49:53Z" name="beforeEachMethodStart" finished-at="2019-03-26T19:49:53Z" duration-ms="0" status="PASS">
          <reporter-output>
          </reporter-output>
        </test-method> <!-- beforeEachMethodStart -->
        <test-method signature="loginTest()[pri:3, instance:com.my.tests.HomePageTest@34a97744]" started-at="2019-03-26T19:49:53Z" name="loginTest" finished-at="2019-03-26T19:50:03Z" duration-ms="9698" status="PASS">
          <reporter-output>
          </reporter-output>
        </test-method> <!-- loginTest -->
        <test-method is-config="true" signature="screenShot(org.testng.ITestResult)[pri:0, instance:com.my.tests.HomePageTest@34a97744]" started-at="2019-03-26T19:50:03Z" name="screenShot" finished-at="2019-03-26T19:50:04Z" duration-ms="868" status="PASS">
          <params>
            <param index="0">
              <value>
                <![CDATA[[TestResult name=loginTest status=SUCCESS method=HomePageTest.loginTest()[pri:3, instance:com.my.tests.HomePageTest@34a97744] output={null}]]]>
              </value>
            </param>
          </params>
          <reporter-output>
          </reporter-output>
        </test-method> <!-- screenShot -->
        <test-method signature="selectFrame()[pri:4, instance:com.my.tests.HomePageTest@34a97744]" started-at="2019-03-26T19:50:04Z" name="selectFrame" finished-at="2019-03-26T19:50:33Z" duration-ms="29778" status="PASS">
          <reporter-output>
          </reporter-output>
        </test-method> <!-- selectFrame -->
        <test-method is-config="true" signature="beforeEachMethodStart()[pri:0, instance:com.my.tests.HomePageTest@34a97744]" started-at="2019-03-26T19:50:04Z" name="beforeEachMethodStart" finished-at="2019-03-26T19:50:04Z" duration-ms="0" status="PASS">
          <reporter-output>
          </reporter-output>
        </test-method> <!-- beforeEachMethodStart -->
        <test-method is-config="true" signature="screenShot(org.testng.ITestResult)[pri:0, instance:com.my.tests.HomePageTest@34a97744]" started-at="2019-03-26T19:50:33Z" name="screenShot" finished-at="2019-03-26T19:50:34Z" duration-ms="571" status="PASS">
          <params>
            <param index="0">
              <value>
                <![CDATA[[TestResult name=selectFrame status=SUCCESS method=HomePageTest.selectFrame()[pri:4, instance:com.my.tests.HomePageTest@34a97744] output={null}]]]>
              </value>
            </param>
          </params>
          <reporter-output>
          </reporter-output>
        </test-method> <!-- screenShot -->
        <test-method is-config="true" signature="beforeEachMethodStart()[pri:0, instance:com.my.tests.HomePageTest@34a97744]" started-at="2019-03-26T19:50:34Z" name="beforeEachMethodStart" finished-at="2019-03-26T19:50:34Z" duration-ms="0" status="PASS">
          <reporter-output>
          </reporter-output>
        </test-method> <!-- beforeEachMethodStart -->
        <test-method signature="calculate()[pri:5, instance:com.my.tests.HomePageTest@34a97744]" started-at="2019-03-26T19:50:34Z" name="calculate" finished-at="2019-03-26T19:50:58Z" duration-ms="24115" status="PASS">
          <reporter-output>
          </reporter-output>
        </test-method> <!-- calculate -->
        <test-method is-config="true" signature="screenShot(org.testng.ITestResult)[pri:0, instance:com.my.tests.HomePageTest@34a97744]" started-at="2019-03-26T19:50:58Z" name="screenShot" finished-at="2019-03-26T19:50:59Z" duration-ms="547" status="PASS">
          <params>
            <param index="0">
              <value>
                <![CDATA[[TestResult name=calculate status=SUCCESS method=HomePageTest.calculate()[pri:5, instance:com.my.tests.HomePageTest@34a97744] output={null}]]]>
              </value>
            </param>
          </params>
          <reporter-output>
          </reporter-output>
        </test-method> <!-- screenShot -->
        <test-method is-config="true" signature="afterEachTestEnd()[pri:0, instance:com.my.tests.HomePageTest@34a97744]" started-at="2019-03-26T19:50:59Z" name="afterEachTestEnd" finished-at="2019-03-26T19:51:02Z" duration-ms="3122" status="PASS">
          <reporter-output>
          </reporter-output>
        </test-method> <!-- afterEachTestEnd -->
      </class> <!-- com.my.tests.HomePageTest -->
    </test> <!-- Default test -->
  </suite> <!-- Default suite -->
</testng-results>
