<?xml version="1.0" encoding="UTF-8"?>
<testng-results ignored="0" total="5" passed="5" failed="0" skipped="0">
  <reporter-output>
  </reporter-output>
  <suite started-at="2019-03-26T23:34:11Z" name="Default suite" finished-at="2019-03-26T23:35:57Z" duration-ms="106179">
    <groups>
    </groups>
    <test started-at="2019-03-26T23:34:11Z" name="Default test" finished-at="2019-03-26T23:35:57Z" duration-ms="106179">
      <class name="com.my.tests.HomePageTest">
        <test-method is-config="true" signature="beforeEachTestStart()[pri:0, instance:com.my.tests.HomePageTest@34a97744]" started-at="2019-03-26T23:34:11Z" name="beforeEachTestStart" finished-at="2019-03-26T23:34:11Z" duration-ms="196" status="PASS">
          <reporter-output>
          </reporter-output>
        </test-method> <!-- beforeEachTestStart -->
        <test-method is-config="true" signature="beforeEachMethodStart()[pri:0, instance:com.my.tests.HomePageTest@34a97744]" started-at="2019-03-26T23:34:11Z" name="beforeEachMethodStart" finished-at="2019-03-26T23:34:11Z" duration-ms="0" status="PASS">
          <reporter-output>
          </reporter-output>
        </test-method> <!-- beforeEachMethodStart -->
        <test-method signature="homepageTest()[pri:1, instance:com.my.tests.HomePageTest@34a97744]" started-at="2019-03-26T23:34:11Z" name="homepageTest" finished-at="2019-03-26T23:34:16Z" duration-ms="5106" status="PASS">
          <reporter-output>
          </reporter-output>
        </test-method> <!-- homepageTest -->
        <test-method is-config="true" signature="screenShot(org.testng.ITestResult)[pri:0, instance:com.my.tests.HomePageTest@34a97744]" started-at="2019-03-26T23:34:16Z" name="screenShot" finished-at="2019-03-26T23:34:17Z" duration-ms="641" status="PASS">
          <params>
            <param index="0">
              <value>
                <![CDATA[[TestResult name=homepageTest status=SUCCESS method=HomePageTest.homepageTest()[pri:1, instance:com.my.tests.HomePageTest@34a97744] output={null}]]]>
              </value>
            </param>
          </params>
          <reporter-output>
          </reporter-output>
        </test-method> <!-- screenShot -->
        <test-method is-config="true" signature="beforeEachMethodStart()[pri:0, instance:com.my.tests.HomePageTest@34a97744]" started-at="2019-03-26T23:34:17Z" name="beforeEachMethodStart" finished-at="2019-03-26T23:34:17Z" duration-ms="0" status="PASS">
          <reporter-output>
          </reporter-output>
        </test-method> <!-- beforeEachMethodStart -->
        <test-method signature="registerTest()[pri:2, instance:com.my.tests.HomePageTest@34a97744]" started-at="2019-03-26T23:34:17Z" name="registerTest" finished-at="2019-03-26T23:34:41Z" duration-ms="23795" status="PASS">
          <reporter-output>
          </reporter-output>
        </test-method> <!-- registerTest -->
        <test-method is-config="true" signature="screenShot(org.testng.ITestResult)[pri:0, instance:com.my.tests.HomePageTest@34a97744]" started-at="2019-03-26T23:34:41Z" name="screenShot" finished-at="2019-03-26T23:34:42Z" duration-ms="926" status="PASS">
          <params>
            <param index="0">
              <value>
                <![CDATA[[TestResult name=registerTest status=SUCCESS method=HomePageTest.registerTest()[pri:2, instance:com.my.tests.HomePageTest@34a97744] output={null}]]]>
              </value>
            </param>
          </params>
          <reporter-output>
          </reporter-output>
        </test-method> <!-- screenShot -->
        <test-method is-config="true" signature="beforeEachMethodStart()[pri:0, instance:com.my.tests.HomePageTest@34a97744]" started-at="2019-03-26T23:34:42Z" name="beforeEachMethodStart" finished-at="2019-03-26T23:34:42Z" duration-ms="0" status="PASS">
          <reporter-output>
          </reporter-output>
        </test-method> <!-- beforeEachMethodStart -->
        <test-method signature="loginTest()[pri:3, instance:com.my.tests.HomePageTest@34a97744]" started-at="2019-03-26T23:34:42Z" name="loginTest" finished-at="2019-03-26T23:34:51Z" duration-ms="9710" status="PASS">
          <reporter-output>
          </reporter-output>
        </test-method> <!-- loginTest -->
        <test-method is-config="true" signature="screenShot(org.testng.ITestResult)[pri:0, instance:com.my.tests.HomePageTest@34a97744]" started-at="2019-03-26T23:34:51Z" name="screenShot" finished-at="2019-03-26T23:34:52Z" duration-ms="903" status="PASS">
          <params>
            <param index="0">
              <value>
                <![CDATA[[TestResult name=loginTest status=SUCCESS method=HomePageTest.loginTest()[pri:3, instance:com.my.tests.HomePageTest@34a97744] output={null}]]]>
              </value>
            </param>
          </params>
          <reporter-output>
          </reporter-output>
        </test-method> <!-- screenShot -->
        <test-method signature="selectFrame()[pri:4, instance:com.my.tests.HomePageTest@34a97744]" started-at="2019-03-26T23:34:52Z" name="selectFrame" finished-at="2019-03-26T23:35:26Z" duration-ms="33836" status="PASS">
          <reporter-output>
          </reporter-output>
        </test-method> <!-- selectFrame -->
        <test-method is-config="true" signature="beforeEachMethodStart()[pri:0, instance:com.my.tests.HomePageTest@34a97744]" started-at="2019-03-26T23:34:52Z" name="beforeEachMethodStart" finished-at="2019-03-26T23:34:52Z" duration-ms="0" status="PASS">
          <reporter-output>
          </reporter-output>
        </test-method> <!-- beforeEachMethodStart -->
        <test-method is-config="true" signature="screenShot(org.testng.ITestResult)[pri:0, instance:com.my.tests.HomePageTest@34a97744]" started-at="2019-03-26T23:35:26Z" name="screenShot" finished-at="2019-03-26T23:35:27Z" duration-ms="598" status="PASS">
          <params>
            <param index="0">
              <value>
                <![CDATA[[TestResult name=selectFrame status=SUCCESS method=HomePageTest.selectFrame()[pri:4, instance:com.my.tests.HomePageTest@34a97744] output={null}]]]>
              </value>
            </param>
          </params>
          <reporter-output>
          </reporter-output>
        </test-method> <!-- screenShot -->
        <test-method is-config="true" signature="beforeEachMethodStart()[pri:0, instance:com.my.tests.HomePageTest@34a97744]" started-at="2019-03-26T23:35:27Z" name="beforeEachMethodStart" finished-at="2019-03-26T23:35:27Z" duration-ms="0" status="PASS">
          <reporter-output>
          </reporter-output>
        </test-method> <!-- beforeEachMethodStart -->
        <test-method signature="calculate()[pri:5, instance:com.my.tests.HomePageTest@34a97744]" started-at="2019-03-26T23:35:27Z" name="calculate" finished-at="2019-03-26T23:35:53Z" duration-ms="26701" status="PASS">
          <reporter-output>
          </reporter-output>
        </test-method> <!-- calculate -->
        <test-method is-config="true" signature="screenShot(org.testng.ITestResult)[pri:0, instance:com.my.tests.HomePageTest@34a97744]" started-at="2019-03-26T23:35:53Z" name="screenShot" finished-at="2019-03-26T23:35:54Z" duration-ms="549" status="PASS">
          <params>
            <param index="0">
              <value>
                <![CDATA[[TestResult name=calculate status=SUCCESS method=HomePageTest.calculate()[pri:5, instance:com.my.tests.HomePageTest@34a97744] output={null}]]]>
              </value>
            </param>
          </params>
          <reporter-output>
          </reporter-output>
        </test-method> <!-- screenShot -->
        <test-method is-config="true" signature="afterEachTestEnd()[pri:0, instance:com.my.tests.HomePageTest@34a97744]" started-at="2019-03-26T23:35:54Z" name="afterEachTestEnd" finished-at="2019-03-26T23:35:57Z" duration-ms="3192" status="PASS">
          <reporter-output>
          </reporter-output>
        </test-method> <!-- afterEachTestEnd -->
      </class> <!-- com.my.tests.HomePageTest -->
    </test> <!-- Default test -->
  </suite> <!-- Default suite -->
</testng-results>
