<?xml version="1.0" encoding="UTF-8"?>
<!-- Generated by org.testng.reporters.JUnitXMLReporter -->
<testsuite ignored="0" hostname="users-MacBook-Pro.local" failures="0" tests="5" name="Default test" time="96.737" errors="0" timestamp="24 Mar 2019 19:03:55 GMT">
  <testcase classname="com.my.tests.HomePageTest" name="homepageTest" time="5.31"/>
  <testcase classname="com.my.tests.HomePageTest" name="registerTest" time="23.854"/>
  <testcase classname="com.my.tests.HomePageTest" name="loginTest" time="9.805"/>
  <testcase classname="com.my.tests.HomePageTest" name="selectFrame" time="29.83"/>
  <testcase classname="com.my.tests.HomePageTest" name="calculate" time="24.576"/>
</testsuite> <!-- Default test -->
