<?xml version="1.0" encoding="UTF-8"?>
<!-- Generated by org.testng.reporters.JUnitXMLReporter -->
<testsuite ignored="0" hostname="users-MacBook-Pro.local" failures="0" tests="5" name="Default test" time="106.179" errors="0" timestamp="26 Mar 2019 23:35:57 GMT">
  <testcase classname="com.my.tests.HomePageTest" name="homepageTest" time="5.106"/>
  <testcase classname="com.my.tests.HomePageTest" name="registerTest" time="23.795"/>
  <testcase classname="com.my.tests.HomePageTest" name="loginTest" time="9.71"/>
  <testcase classname="com.my.tests.HomePageTest" name="selectFrame" time="33.836"/>
  <testcase classname="com.my.tests.HomePageTest" name="calculate" time="26.701"/>
</testsuite> <!-- Default test -->
